ITBox_ForgetPrice/proguard-project.txt
# To enable ProGuard in your project, edit project.properties
# to define the proguard.config property as described in that file.
#
# Add project specific ProGuard rules here.
# By default, the flags in this file are appended to flags specified
# in ${sdk.dir}/tools/proguard/proguard-android.txt
# You can edit the include path and order by changing the ProGuard
# include property in project.properties.
#
# For more details, see
#   http://developer.android.com/guide/developing/tools/proguard.html

# Add any project specific keep options here:

# If your project uses WebView with JS, uncomment the following
# and specify the fully qualified class name to the JavaScript interface
# class:
#-keepclassmembers class fqcn.of.javascript.interface.for.webview {
#   public *;
#}

-keepclassmembers class * {
   public <init>(org.json.JSONObject);
}
-keep public class com.itbox.forgetprice.R$*{
public static final int *;
}
-keepclassmembers enum * {
    public static **[] values();
    public static ** valueOf(java.lang.String);
}

# 添加第三方jar包
-libraryjars libs/umeng-analytics-v5.2.4.jar
-libraryjars libs/umeng-update-v2.4.2.jar
# 以下类过滤不混淆  
-keep public class * extends com.umeng.**
# 以下包不进行过滤 
-keep class com.umeng.** { *; }

-libraryjars libs/activeandroid.jar
-dontwarn com.activeandroid.**
-keep class com.activeandroid.** {*;}