ITBox_ForgetPrice/proguard/seeds.txt
com.itbox.forgetprice.AppContext
com.itbox.forgetprice.AppContext: AppContext()
com.itbox.forgetprice.EditGoodsActivity
com.itbox.forgetprice.EditGoodsActivity: EditGoodsActivity()
com.itbox.forgetprice.MainActivity
com.itbox.forgetprice.MainActivity: MainActivity()
com.itbox.forgetprice.R$attr
com.itbox.forgetprice.R$attr: int fab_colorNormal
com.itbox.forgetprice.R$attr: int fab_colorPressed
com.itbox.forgetprice.R$attr: int fab_shadow
com.itbox.forgetprice.R$attr: int reflectionColor
com.itbox.forgetprice.R$color
com.itbox.forgetprice.R$color: int bg_color
com.itbox.forgetprice.R$color: int contents_text
com.itbox.forgetprice.R$color: int encode_view
com.itbox.forgetprice.R$color: int grgray
com.itbox.forgetprice.R$color: int header
com.itbox.forgetprice.R$color: int help_button_view
com.itbox.forgetprice.R$color: int help_view
com.itbox.forgetprice.R$color: int holo_purple
com.itbox.forgetprice.R$color: int holo_purple_pressed
com.itbox.forgetprice.R$color: int possible_result_points
com.itbox.forgetprice.R$color: int result_image_border
com.itbox.forgetprice.R$color: int result_minor_text
com.itbox.forgetprice.R$color: int result_points
com.itbox.forgetprice.R$color: int result_text
com.itbox.forgetprice.R$color: int result_view
com.itbox.forgetprice.R$color: int sbc_header_text
com.itbox.forgetprice.R$color: int sbc_header_view
com.itbox.forgetprice.R$color: int sbc_layout_view
com.itbox.forgetprice.R$color: int sbc_list_item
com.itbox.forgetprice.R$color: int sbc_page_number_text
com.itbox.forgetprice.R$color: int sbc_snippet_text
com.itbox.forgetprice.R$color: int selector_purple
com.itbox.forgetprice.R$color: int share_text
com.itbox.forgetprice.R$color: int share_view
com.itbox.forgetprice.R$color: int status_text
com.itbox.forgetprice.R$color: int status_view
com.itbox.forgetprice.R$color: int transparent
com.itbox.forgetprice.R$color: int viewfinder_frame
com.itbox.forgetprice.R$color: int viewfinder_laser
com.itbox.forgetprice.R$dimen
com.itbox.forgetprice.R$dimen: int activity_horizontal_margin
com.itbox.forgetprice.R$dimen: int activity_vertical_margin
com.itbox.forgetprice.R$dimen: int fab_shadow_size
com.itbox.forgetprice.R$dimen: int fab_size
com.itbox.forgetprice.R$drawable
com.itbox.forgetprice.R$drawable: int common_button_green
com.itbox.forgetprice.R$drawable: int common_button_green_disable
com.itbox.forgetprice.R$drawable: int common_button_orange
com.itbox.forgetprice.R$drawable: int common_button_orange_disable
com.itbox.forgetprice.R$drawable: int dialog_bg
com.itbox.forgetprice.R$drawable: int ic_launcher
com.itbox.forgetprice.R$drawable: int icon_qrcode
com.itbox.forgetprice.R$drawable: int item_line
com.itbox.forgetprice.R$drawable: int line
com.itbox.forgetprice.R$drawable: int navbar
com.itbox.forgetprice.R$drawable: int quantou
com.itbox.forgetprice.R$drawable: int rect_gray_normal
com.itbox.forgetprice.R$drawable: int rect_gray_pressed
com.itbox.forgetprice.R$drawable: int rect_purple_normal
com.itbox.forgetprice.R$drawable: int rect_purple_pressed
com.itbox.forgetprice.R$drawable: int rectangle_item_bg
com.itbox.forgetprice.R$drawable: int rectangle_item_white_bg
com.itbox.forgetprice.R$drawable: int selector_bt_gray
com.itbox.forgetprice.R$drawable: int selector_bt_green
com.itbox.forgetprice.R$drawable: int selector_bt_orange
com.itbox.forgetprice.R$drawable: int selector_bt_purple
com.itbox.forgetprice.R$drawable: int selector_pressed_white_gray
com.itbox.forgetprice.R$drawable: int shadow
com.itbox.forgetprice.R$drawable: int suggestion_line
com.itbox.forgetprice.R$drawable: int top_background
com.itbox.forgetprice.R$drawable: int umeng_common_gradient_green
...
com.umeng.analytics.social.UMPlatformData$UMedia$7
com.umeng.analytics.social.UMPlatformData$UMedia$7: UMPlatformData$UMedia$7(java.lang.String,int)
com.umeng.analytics.social.UMPlatformData$UMedia$7: java.lang.String toString()
com.umeng.analytics.social.UMPlatformData$UMedia$8
com.umeng.analytics.social.UMPlatformData$UMedia$8: UMPlatformData$UMedia$8(java.lang.String,int)
com.umeng.analytics.social.UMPlatformData$UMedia$8: java.lang.String toString()
com.umeng.analytics.social.UMSocialService
com.umeng.analytics.social.UMSocialService: UMSocialService()
com.umeng.analytics.social.UMSocialService: void a(android.content.Context,com.umeng.analytics.social.UMSocialService$b,java.lang.String,com.umeng.analytics.social.UMPlatformData[])
com.umeng.analytics.social.UMSocialService: void share(android.content.Context,java.lang.String,com.umeng.analytics.social.UMPlatformData[])
com.umeng.analytics.social.UMSocialService: void share(android.content.Context,com.umeng.analytics.social.UMPlatformData[])
com.umeng.analytics.social.UMSocialService$a
com.umeng.analytics.social.UMSocialService$a: java.lang.String a
com.umeng.analytics.social.UMSocialService$a: java.lang.String b
com.umeng.analytics.social.UMSocialService$a: com.umeng.analytics.social.UMSocialService$b c
com.umeng.analytics.social.UMSocialService$a: com.umeng.analytics.social.UMPlatformData[] d
com.umeng.analytics.social.UMSocialService$a: UMSocialService$a(java.lang.String[],com.umeng.analytics.social.UMSocialService$b,com.umeng.analytics.social.UMPlatformData[])
com.umeng.analytics.social.UMSocialService$a: void onPreExecute()
com.umeng.analytics.social.UMSocialService$a: com.umeng.analytics.social.d a(java.lang.Void[])
com.umeng.analytics.social.UMSocialService$a: void a(com.umeng.analytics.social.d)
com.umeng.analytics.social.UMSocialService$a: void onPostExecute(java.lang.Object)
com.umeng.analytics.social.UMSocialService$a: java.lang.Object doInBackground(java.lang.Object[])
com.umeng.analytics.social.UMSocialService$b
com.umeng.analytics.social.UMSocialService$b: void a()
com.umeng.analytics.social.UMSocialService$b: void a(com.umeng.analytics.social.d,com.umeng.analytics.social.UMPlatformData[])
com.umeng.analytics.social.a
com.umeng.analytics.social.a: long b
com.umeng.analytics.social.a: int a
com.umeng.analytics.social.a: java.lang.String c
com.umeng.analytics.social.a: int a()
com.umeng.analytics.social.a: a(int,java.lang.String)
com.umeng.analytics.social.a: a(java.lang.String,java.lang.Throwable)
com.umeng.analytics.social.a: a(java.lang.String)
com.umeng.analytics.social.a: java.lang.String getMessage()
com.umeng.analytics.social.b
com.umeng.analytics.social.b: b()
com.umeng.analytics.social.b: void a(java.lang.String,java.lang.String)
com.umeng.analytics.social.b: void a(java.lang.String,java.lang.String,java.lang.Exception)
com.umeng.analytics.social.b: void b(java.lang.String,java.lang.String)
com.umeng.analytics.social.b: void b(java.lang.String,java.lang.String,java.lang.Exception)
com.umeng.analytics.social.b: void c(java.lang.String,java.lang.String)
com.umeng.analytics.social.b: void c(java.lang.String,java.lang.String,java.lang.Exception)
com.umeng.analytics.social.b: void d(java.lang.String,java.lang.String)
com.umeng.analytics.social.b: void d(java.lang.String,java.lang.String,java.lang.Exception)
com.umeng.analytics.social.b: void e(java.lang.String,java.lang.String)
com.umeng.analytics.social.b: void e(java.lang.String,java.lang.String,java.lang.Exception)
com.umeng.analytics.social.c
com.umeng.analytics.social.c: c()
com.umeng.analytics.social.c: java.lang.String a(java.lang.String)
com.umeng.analytics.social.c: java.lang.String a(java.io.InputStream)
com.umeng.analytics.social.c: java.lang.String a(java.lang.String,java.lang.String)