ITBox_ForgetPrice/proguard/mapping.txt
com.itbox.forgetprice.AppContext -> com.itbox.forgetprice.AppContext:
    com.itbox.forgetprice.AppContext mInstance -> a
    void onCreate() -> onCreate
    void onTerminate() -> onTerminate
com.itbox.forgetprice.EditGoodsActivity -> com.itbox.forgetprice.EditGoodsActivity:
    java.lang.String code -> n
    android.widget.EditText mGoodsName -> o
    android.widget.EditText mGoodsPrice -> p
    void onCreate(android.os.Bundle) -> onCreate
    void onResume() -> onResume
    void onPause() -> onPause
    android.widget.EditText access$0(com.itbox.forgetprice.EditGoodsActivity) -> a
    android.widget.EditText access$1(com.itbox.forgetprice.EditGoodsActivity) -> b
    java.lang.String access$2(com.itbox.forgetprice.EditGoodsActivity) -> c
com.itbox.forgetprice.EditGoodsActivity$1 -> com.itbox.forgetprice.a:
    com.itbox.forgetprice.EditGoodsActivity this$0 -> a
    void onClick(android.view.View) -> onClick
com.itbox.forgetprice.MainActivity -> com.itbox.forgetprice.MainActivity:
    void onCreate(android.os.Bundle) -> onCreate
    void onResume() -> onResume
    void onPause() -> onPause
com.itbox.forgetprice.MainActivity$PlaceholderFragment -> com.itbox.forgetprice.b:
    android.widget.ListView mGoodsLV -> a
    com.itbox.forgetprice.adapter.GoodsAdapter goodsAdapter -> b
    void onResume() -> m
    void onPause() -> n
    android.view.View onCreateView(android.view.LayoutInflater,android.view.ViewGroup,android.os.Bundle) -> a
    void onClick(android.view.View) -> onClick
    void onActivityResult(int,int,android.content.Intent) -> a
    android.support.v4.content.Loader onCreateLoader(int,android.os.Bundle) -> a
    void onLoadFinished(android.support.v4.content.Loader,android.database.Cursor) -> a
    void onLoaderReset(android.support.v4.content.Loader) -> a
    void selectGoods(java.lang.String) -> a
    boolean onItemLongClick(android.widget.AdapterView,android.view.View,int,long) -> onItemLongClick
    void onLoadFinished(android.support.v4.content.Loader,java.lang.Object) -> a
com.itbox.forgetprice.R -> com.itbox.forgetprice.R:
com.itbox.forgetprice.R$attr -> com.itbox.forgetprice.R$attr:
    int fab_colorNormal -> fab_colorNormal
    int fab_colorPressed -> fab_colorPressed
    int fab_shadow -> fab_shadow
    int reflectionColor -> reflectionColor
com.itbox.forgetprice.R$color -> com.itbox.forgetprice.R$color:
    int bg_color -> bg_color
    int contents_text -> contents_text
    int encode_view -> encode_view
    int grgray -> grgray
    int header -> header
    int help_button_view -> help_button_view
    int help_view -> help_view
    int holo_purple -> holo_purple
    int holo_purple_pressed -> holo_purple_pressed
    int possible_result_points -> possible_result_points
    int result_image_border -> result_image_border
    int result_minor_text -> result_minor_text
    int result_points -> result_points
    int result_text -> result_text
    int result_view -> result_view
    int sbc_header_text -> sbc_header_text
    int sbc_header_view -> sbc_header_view
    int sbc_layout_view -> sbc_layout_view
    int sbc_list_item -> sbc_list_item
    int sbc_page_number_text -> sbc_page_number_text
    int sbc_snippet_text -> sbc_snippet_text
    int selector_purple -> selector_purple
    int share_text -> share_text
    int share_view -> share_view
    int status_text -> status_text
    int status_view -> status_view
    int transparent -> transparent
    int viewfinder_frame -> viewfinder_frame
    int viewfinder_laser -> viewfinder_laser
    int viewfinder_mask -> viewfinder_mask
com.itbox.forgetprice.R$dimen -> com.itbox.forgetprice.R$dimen:
    int activity_horizontal_margin -> activity_horizontal_margin
    int activity_vertical_margin -> activity_vertical_margin
    int fab_shadow_size -> fab_shadow_size
    int fab_size -> fab_size
...
android.support.v4.view.ViewCompatICS -> android.support.v4.view.ak:
    boolean canScrollHorizontally(android.view.View,int) -> a
android.support.v4.view.ViewCompatJB -> android.support.v4.view.al:
    void postInvalidateOnAnimation(android.view.View) -> a
    void postInvalidateOnAnimation(android.view.View,int,int,int,int) -> a
    void postOnAnimation(android.view.View,java.lang.Runnable) -> a
android.support.v4.view.ViewCompatJellybeanMr1 -> android.support.v4.view.am:
    void setLayerPaint(android.view.View,android.graphics.Paint) -> a
    int getLayoutDirection(android.view.View) -> a
android.support.v4.view.ViewPager -> android.support.v4.view.ViewPager:
    int[] LAYOUT_ATTRS -> a
    int mExpectedAdapterCount -> b
    java.util.Comparator COMPARATOR -> c
    android.view.animation.Interpolator sInterpolator -> d
    java.util.ArrayList mItems -> e
    android.support.v4.view.ViewPager$ItemInfo mTempItem -> f
    android.graphics.Rect mTempRect -> g
    android.support.v4.view.PagerAdapter mAdapter -> h
    int mCurItem -> i
    int mRestoredCurItem -> j
    android.os.Parcelable mRestoredAdapterState -> k
    java.lang.ClassLoader mRestoredClassLoader -> l
    android.widget.Scroller mScroller -> m
    android.support.v4.view.ViewPager$PagerObserver mObserver -> n
    int mPageMargin -> o
    android.graphics.drawable.Drawable mMarginDrawable -> p
    int mTopPageBounds -> q
    int mBottomPageBounds -> r
    float mFirstOffset -> s
    float mLastOffset -> t
    int mChildWidthMeasureSpec -> u
    int mChildHeightMeasureSpec -> v
    boolean mInLayout -> w
    boolean mScrollingCacheEnabled -> x
    boolean mPopulatePending -> y
    int mOffscreenPageLimit -> z
    boolean mIsBeingDragged -> A
    boolean mIsUnableToDrag -> B
    int mDefaultGutterSize -> C
    int mGutterSize -> D
    int mTouchSlop -> E
    float mLastMotionX -> F
    float mLastMotionY -> G
    float mInitialMotionX -> H
    float mInitialMotionY -> I
    int mActivePointerId -> J
    android.view.VelocityTracker mVelocityTracker -> K
    int mMinimumVelocity -> L
android.support.v4.view.ViewPager$1 -> android.support.v4.view.an:
    int compare(android.support.v4.view.ViewPager$ItemInfo,android.support.v4.view.ViewPager$ItemInfo) -> a
    int compare(java.lang.Object,java.lang.Object) -> compare
android.support.v4.view.ViewPager$2 -> android.support.v4.view.ao:
    float getInterpolation(float) -> getInterpolation
android.support.v4.view.ViewPager$Decor -> android.support.v4.view.ap:
android.support.v4.view.ViewPager$ItemInfo -> android.support.v4.view.aq:
    java.lang.Object object -> a
    int position -> b
    boolean scrolling -> c
    float widthFactor -> d
    float offset -> e
android.support.v4.view.ViewPager$LayoutParams -> android.support.v4.view.ar:
    boolean isDecor -> a
    int gravity -> b
    float widthFactor -> c
    boolean needsMeasure -> d
    int position -> e
    int childIndex -> f
android.support.v4.view.ViewPager$OnAdapterChangeListener -> android.support.v4.view.as:
    void onAdapterChanged(android.support.v4.view.PagerAdapter,android.support.v4.view.PagerAdapter) -> a
android.support.v4.view.ViewPager$OnPageChangeListener -> android.support.v4.view.at:
    void onPageScrolled(int,float,int) -> a
    void onPageSelected(int) -> a
    void onPageScrollStateChanged(int) -> b
android.support.v4.view.ViewPager$PageTransformer -> android.support.v4.view.au:
    void transformPage(android.view.View,float) -> a
android.support.v4.view.ViewPager$PagerObserver -> android.support.v4.view.av:
    android.support.v4.view.ViewPager this$0 -> a
    void onChanged() -> onChanged
    void onInvalidated() -> onInvalidated