ITBox_ForgetPrice/proguard/usage.txt
com.itbox.forgetprice.AppContext:
    24:24:public static com.itbox.forgetprice.AppContext getInstance()
com.itbox.forgetprice.BuildConfig
com.itbox.forgetprice.MainActivity$PlaceholderFragment:
    221:238:public void saveData(java.util.List)
com.itbox.forgetprice.R:
    10:10:public R()
com.itbox.forgetprice.bean.Goods:
    public static final java.lang.String ID
    public static final java.lang.String GOODS_CODE
    public static final java.lang.String GOODS_NAME
    public static final java.lang.String GOODS_PRICE
com.itbox.forgetprice.dialog.BaseEffects:
    private static final int DURATION
com.itbox.forgetprice.util.Utils
com.itbox.forgetprice.widget.Fab:
    float currentY
    106:108:public int dpToPx(int)
    113:121:public void hideFab()
    125:132:public void showFab()
com.itbox.forgetprice.widget.FloatingActionButton:
    212:212:public boolean hasShadow()
com.itbox.forgetprice.widget.FloatingActionButton$ScrollSettleHandler:
    private static final int SETTLE_DELAY_MILLIS
    private static final int TRANSLATE_DURATION_MILLIS
com.itbox.forgetprice.widget.Shimmer:
    public static final int ANIMATION_DIRECTION_LTR
    public static final int ANIMATION_DIRECTION_RTL
    private static final int DEFAULT_REPEAT_COUNT
    private static final long DEFAULT_DURATION
    private static final long DEFAULT_START_DELAY
    private static final int DEFAULT_DIRECTION
    43:43:public int getRepeatCount()
    52:52:public long getDuration()
    61:61:public long getStartDelay()
    65:66:public com.itbox.forgetprice.widget.Shimmer setStartDelay(long)
    70:70:public int getDirection()
    84:84:public android.animation.Animator$AnimatorListener getAnimatorListener()
com.itbox.forgetprice.widget.ShimmerTextView:
    54:54:public boolean isShimmering()
com.itbox.forgetprice.widget.ShimmerViewBase:
    public abstract float getGradientX()
    public abstract void setGradientX(float)
    public abstract boolean isShimmering()
    public abstract int getPrimaryColor()
    public abstract void setPrimaryColor(int)
    public abstract int getReflectionColor()
    public abstract void setReflectionColor(int)
com.itbox.forgetprice.widget.ShimmerViewHelper:
    private static final int DEFAULT_REFLECTION_COLOR
    72:72:public boolean isShimmering()
...
u.aly.bj:
    8:8:public bj()
    56:59:public static void d(java.lang.String,java.lang.String)
    62:65:public static void d(java.lang.String,java.lang.String,java.lang.Exception)
u.aly.bk
u.aly.bl
u.aly.bl$a
u.aly.bl$b
u.aly.bm
u.aly.bn
u.aly.bn$a
u.aly.br
u.aly.bs
u.aly.bt
u.aly.bu:
    15:15:public bu()
    75:81:public static java.lang.String a(byte[],java.lang.String)
    85:102:public static byte[] b(byte[])
u.aly.bv:
    private static final java.lang.String b
    34:34:public bv()
    105:124:public static java.lang.String a(java.io.File)
    146:158:public static java.lang.String a(android.content.Context,long)
    162:181:public static java.lang.String c(java.lang.String)
    192:195:public static void a(android.content.Context,java.lang.String)
    207:213:public static boolean b(android.content.Context,java.lang.String)
    237:241:public static boolean e(java.lang.String)
    252:253:public static java.lang.String a()
    262:265:public static java.lang.String a(java.util.Date)
    333:334:public static void a(java.io.File,java.lang.String)
u.aly.bw:
    25:25:public bw()
    37:38:public static final void a(int,byte[])
    52:56:public static final void a(int,byte[],int)
    67:67:public static final int a(byte[])
    81:81:public static final int a(byte[],int)
    94:94:public static final boolean a(short,int)
    102:102:public static final boolean a(long,int)
    109:109:public static final byte b(byte,int)
    113:113:public static final short b(short,int)
    121:121:public static final long b(long,int)
    132:132:public static final short a(short,int,boolean)
    143:146:public static final long a(long,int,boolean)
u.aly.bx:
    53:53:public short b()
u.aly.by
u.aly.bz:
    public abstract u.aly.cg b(int)
    public abstract u.aly.bz g()
    public abstract void b()
u.aly.ca:
    34:34:private ca()
    39:50:public static int a(java.lang.Object,java.lang.Object)
    55:55:public static int a(boolean,boolean)
    69:74:public static int a(short,short)
    89:94:public static int a(long,long)
    99:104:public static int a(double,double)
    109:109:public static int a(java.lang.String,java.lang.String)
    249:254:public static byte[] a(java.nio.ByteBuffer)
    258:258:public static boolean b(java.nio.ByteBuffer)
    265:271:public static int a(java.nio.ByteBuffer,byte[],int)
    275:281:public static java.nio.ByteBuffer c(java.nio.ByteBuffer)
    285:295:public static java.nio.ByteBuffer d(java.nio.ByteBuffer)
    299:305:public static byte[] a(byte[])
u.aly.cb
u.aly.cc:
    88:94:public void a(u.aly.bz,java.lang.String,java.lang.String)
    107:117:public varargs void a(u.aly.bz,byte[],u.aly.cg,u.aly.cg[])
    128:128:public varargs java.lang.Boolean a(byte[],u.aly.cg,u.aly.cg[])
    140:140:public varargs java.lang.Byte b(byte[],u.aly.cg,u.aly.cg[])
    152:152:public varargs java.lang.Double c(byte[],u.aly.cg,u.aly.cg[])
    164:164:public varargs java.lang.Short d(byte[],u.aly.cg,u.aly.cg[])
    176:176:public varargs java.lang.Integer e(byte[],u.aly.cg,u.aly.cg[])
    188:188:public varargs java.lang.Long f(byte[],u.aly.cg,u.aly.cg[])
    200:200:public varargs java.lang.String g(byte[],u.aly.cg,u.aly.cg[])
    213:213:public varargs java.nio.ByteBuffer h(byte[],u.aly.cg,u.aly.cg[])
    226:237:public varargs java.lang.Short i(byte[],u.aly.cg,u.aly.cg[])
    242:294:private varargs java.lang.Object a(byte,byte[],u.aly.cg,u.aly.cg[])
    298:335:private varargs u.aly.ct j(byte[],u.aly.cg,u.aly.cg[])
    346:347:public void a(u.aly.bz,java.lang.String)
u.aly.cd
u.aly.ce
u.aly.cf:
    private static final long a
    43:44:public cf(java.lang.String,java.lang.Throwable)
u.aly.cg:
    public abstract java.lang.String b()
u.aly.ch
u.aly.ci:
    97:99:public java.lang.String a(u.aly.bz,java.lang.String)
    112:112:public java.lang.String b(u.aly.bz)